Temp/gradleOut/build/outputs/logs/manifest-merger-release-report.txt
-- Merging decision tree log ---
manifest
ADDED from src/main/AndroidManifest.xml:2:1-47:12
	package
		ADDED from src/main/AndroidManifest.xml:2:168-202
		INJECTED from src/main/AndroidManifest.xml
		INJECTED from src/main/AndroidManifest.xml
	android:versionName
		ADDED from src/main/AndroidManifest.xml:2:142-167
		INJECTED from src/main/AndroidManifest.xml
		INJECTED from src/main/AndroidManifest.xml
	android:versionCode
		ADDED from src/main/AndroidManifest.xml:2:118-141
		INJECTED from src/main/AndroidManifest.xml
		INJECTED from src/main/AndroidManifest.xml
	xmlns:android
		ADDED from src/main/AndroidManifest.xml:2:11-69
	android:installLocation
		ADDED from src/main/AndroidManifest.xml:2:203-233
	android:theme
		ADDED from src/main/AndroidManifest.xml:2:70-117
uses-sdk
ADDED from src/main/AndroidManifest.xml:3:3-72
MERGED from [gradleOut:Firebase:unspecified] AndroidManifest.xml:15:5-17:40
	android:targetSdkVersion
		ADDED from src/main/AndroidManifest.xml:3:40-69
		INJECTED from src/main/AndroidManifest.xml
		INJECTED from src/main/AndroidManifest.xml
	android:minSdkVersion
		ADDED from src/main/AndroidManifest.xml:3:13-39
uses-feature#android.hardware.camera
ADDED from src/main/AndroidManifest.xml:4:3-58
	android:name
		ADDED from src/main/AndroidManifest.xml:4:17-55
supports-screens
ADDED from src/main/AndroidManifest.xml:5:3-163
	android:largeScreens
		ADDED from src/main/AndroidManifest.xml:5:47-74
	android:smallScreens
		ADDED from src/main/AndroidManifest.xml:5:104-131
	android:normalScreens
		ADDED from src/main/AndroidManifest.xml:5:75-103
	android:xlargeScreens
		ADDED from src/main/AndroidManifest.xml:5:132-160
	android:anyDensity
		ADDED from src/main/AndroidManifest.xml:5:21-46
uses-permission#android.permission.INTERNET
ADDED from src/main/AndroidManifest.xml:6:3-65
	android:name
		ADDED from src/main/AndroidManifest.xml:6:20-62
uses-permission#android.permission.CAMERA
ADDED from src/main/AndroidManifest.xml:7:3-63
	android:name
		ADDED from src/main/AndroidManifest.xml:7:20-60
uses-permission#android.permission.ACCESS_NETWORK_STATE
ADDED from src/main/AndroidManifest.xml:8:3-77
	android:name
		ADDED from src/main/AndroidManifest.xml:8:20-74
uses-permission#android.permission.WRITE_EXTERNAL_STORAGE
ADDED from src/main/AndroidManifest.xml:9:3-79
	android:name
		ADDED from src/main/AndroidManifest.xml:9:20-76
application
ADDED from src/main/AndroidManifest.xml:10:3-35:17
	android:label
		ADDED from src/main/AndroidManifest.xml:10:50-82
	android:icon
		ADDED from src/main/AndroidManifest.xml:10:16-49
	android:banner
		ADDED from src/main/AndroidManifest.xml:10:164-201
	android:theme
		ADDED from src/main/AndroidManifest.xml:10:83-141
	android:isGame
		ADDED from src/main/AndroidManifest.xml:10:142-163
activity#com.unity3d.player.UnityPlayerNativeActivity
ADDED from src/main/AndroidManifest.xml:11:5-18:16
	android:screenOrientation
		ADDED from src/main/AndroidManifest.xml:11:108-146
	android:label
		ADDED from src/main/AndroidManifest.xml:11:15-47
	android:launchMode
		ADDED from src/main/AndroidManifest.xml:11:147-178
	android:configChanges
		ADDED from src/main/AndroidManifest.xml:11:179-360
	android:name
		ADDED from src/main/AndroidManifest.xml:11:48-107
intent-filter#android.intent.action.MAIN+android.intent.category.LAUNCHER
ADDED from src/main/AndroidManifest.xml:12:7-15:23
action#android.intent.action.MAIN
ADDED from src/main/AndroidManifest.xml:13:9-61
	android:name
		ADDED from src/main/AndroidManifest.xml:13:17-58
category#android.intent.category.LAUNCHER
ADDED from src/main/AndroidManifest.xml:14:9-69
	android:name
		ADDED from src/main/AndroidManifest.xml:14:19-66
meta-data#unityplayer.UnityActivity
ADDED from src/main/AndroidManifest.xml:16:7-82
	android:value
		ADDED from src/main/AndroidManifest.xml:16:59-79
	android:name
		ADDED from src/main/AndroidManifest.xml:16:18-58
meta-data#unityplayer.ForwardNativeEventsToDalvik
ADDED from src/main/AndroidManifest.xml:17:7-97
	android:value
		ADDED from src/main/AndroidManifest.xml:17:73-94
	android:name
		ADDED from src/main/AndroidManifest.xml:17:18-72
activity#com.unity3d.player.VideoPlayer
ADDED from src/main/AndroidManifest.xml:19:5-20:16
	android:screenOrientation
		ADDED from src/main/AndroidManifest.xml:19:252-288
	android:label
		ADDED from src/main/AndroidManifest.xml:19:173-205
	android:configChanges
		ADDED from src/main/AndroidManifest.xml:19:15-172
	android:name
		ADDED from src/main/AndroidManifest.xml:19:206-251
uses-library#com.ti.s3d
ADDED from src/main/AndroidManifest.xml:26:5-72
	android:required
		ADDED from src/main/AndroidManifest.xml:26:45-69
	android:name
		ADDED from src/main/AndroidManifest.xml:26:19-44
uses-library#com.osterhoutgroup.api.ext
ADDED from src/main/AndroidManifest.xml:30:5-88
	android:required
		ADDED from src/main/AndroidManifest.xml:30:61-85
	android:name
		ADDED from src/main/AndroidManifest.xml:30:19-60
meta-data#unity.build-id
ADDED from src/main/AndroidManifest.xml:31:5-101
	android:value
		ADDED from src/main/AndroidManifest.xml:31:46-98
	android:name
		ADDED from src/main/AndroidManifest.xml:31:16-45
meta-data#unity.splash-mode
ADDED from src/main/AndroidManifest.xml:32:5-69
	android:value
		ADDED from src/main/AndroidManifest.xml:32:49-66
	android:name
		ADDED from src/main/AndroidManifest.xml:32:16-48
meta-data#unity.splash-enable
ADDED from src/main/AndroidManifest.xml:33:5-74
	android:value
		ADDED from src/main/AndroidManifest.xml:33:51-71
	android:name
		ADDED from src/main/AndroidManifest.xml:33:16-50
meta-data#android.max_aspect
ADDED from src/main/AndroidManifest.xml:34:5-72
	android:value
		ADDED from src/main/AndroidManifest.xml:34:50-69
	android:name
		ADDED from src/main/AndroidManifest.xml:34:16-49
uses-feature#0x00020000
ADDED from src/main/AndroidManifest.xml:36:3-52
	android:glEsVersion
		ADDED from src/main/AndroidManifest.xml:36:17-49
uses-permission#android.permission.ACCESS_FINE_LOCATION
ADDED from src/main/AndroidManifest.xml:37:3-77
	android:name
		ADDED from src/main/AndroidManifest.xml:37:20-74
uses-feature#android.hardware.location.gps
ADDED from src/main/AndroidManifest.xml:38:3-89
	android:required
		ADDED from src/main/AndroidManifest.xml:38:62-86
	android:name
		ADDED from src/main/AndroidManifest.xml:38:17-61
uses-feature#android.hardware.location
ADDED from src/main/AndroidManifest.xml:39:3-85
	android:required
		ADDED from src/main/AndroidManifest.xml:39:58-82
	android:name
		ADDED from src/main/AndroidManifest.xml:39:17-57
uses-feature#android.hardware.camera.autofocus
ADDED from src/main/AndroidManifest.xml:40:3-93
	android:required
		ADDED from src/main/AndroidManifest.xml:40:66-90
	android:name
		ADDED from src/main/AndroidManifest.xml:40:17-65
uses-feature#android.hardware.camera.front
ADDED from src/main/AndroidManifest.xml:41:3-89
	android:required
		ADDED from src/main/AndroidManifest.xml:41:62-86
	android:name
		ADDED from src/main/AndroidManifest.xml:41:17-61
uses-permission#android.permission.RECORD_AUDIO
ADDED from src/main/AndroidManifest.xml:42:3-69
	android:name
		ADDED from src/main/AndroidManifest.xml:42:20-66
uses-feature#android.hardware.microphone
ADDED from src/main/AndroidManifest.xml:43:3-87
	android:required
		ADDED from src/main/AndroidManifest.xml:43:60-84
	android:name
		ADDED from src/main/AndroidManifest.xml:43:17-59
uses-feature#android.hardware.touchscreen
ADDED from src/main/AndroidManifest.xml:44:3-88
	android:required
		ADDED from src/main/AndroidManifest.xml:44:61-85
	android:name
		ADDED from src/main/AndroidManifest.xml:44:17-60
uses-feature#android.hardware.touchscreen.multitouch
ADDED from src/main/AndroidManifest.xml:45:3-99
	android:required
		ADDED from src/main/AndroidManifest.xml:45:72-96
	android:name
		ADDED from src/main/AndroidManifest.xml:45:17-71
uses-feature#android.hardware.touchscreen.multitouch.distinct
ADDED from src/main/AndroidManifest.xml:46:3-108
	android:required
		ADDED from src/main/AndroidManifest.xml:46:81-105
	android:name
		ADDED from src/main/AndroidManifest.xml:46:17-80